<?xml version="1.0" encoding="UTF-8"?>
<!-- Generated by org.testng.reporters.JUnitXMLReporter -->
<testsuite hostname="Acer" ignored="0" name="Default test" tests="4" failures="0" timestamp="2022-09-13T08:07:21 BRT" time="85.222" errors="0">
  <testcase name="testCT03ValidarPaginaCheckout" time="12.611" classname="com.teste.validacao.CT03ValidarPaginaCheckout"/>
  <testcase name="testCT01ValidarEspecificacaoProduto" time="8.292" classname="com.teste.validacao.CT01ValidarEspecificacaoProduto"/>
  <testcase name="testCT04RemoverProdutosCarrinhoCompras" time="12.268" classname="com.teste.validacao.CT04RemoverProdutosCarrinhoCompras"/>
  <testcase name="testCT02ValidarAlteracaoCorProdutoCarrinho" time="10.51" classname="com.teste.validacao.CT02ValidarAlteracaoCorProdutoCarrinho"/>
</testsuite> <!-- Default test -->
